<?xml version="1.0" encoding="UTF-8"?>
<testng-results skipped="0" failed="0" ignored="0" total="2" passed="2">
  <reporter-output>
  </reporter-output>
  <suite name="Suite" duration-ms="182133" started-at="2017-09-16T15:55:15Z" finished-at="2017-09-16T15:58:17Z">
    <groups>
    </groups>
    <test name="Test" duration-ms="182133" started-at="2017-09-16T15:55:15Z" finished-at="2017-09-16T15:58:17Z">
      <class name="com.kiran.smava.testScripts.TC002_UserLogin">
        <test-method status="PASS" signature="setUP()[pri:0, instance:com.kiran.smava.testScripts.TC002_UserLogin@1bce4f0a]" name="setUP" is-config="true" duration-ms="36281" started-at="2017-09-16T21:27:31Z" finished-at="2017-09-16T21:28:08Z">
          <reporter-output>
          </reporter-output>
        </test-method> <!-- setUP -->
        <test-method status="PASS" signature="signIn()[pri:0, instance:com.kiran.smava.testScripts.TC002_UserLogin@1bce4f0a]" name="signIn" duration-ms="8846" started-at="2017-09-16T21:28:08Z" finished-at="2017-09-16T21:28:17Z">
          <reporter-output>
          </reporter-output>
        </test-method> <!-- signIn -->
        <test-method status="PASS" signature="quitBrowser()[pri:0, instance:com.kiran.smava.testScripts.TC002_UserLogin@1bce4f0a]" name="quitBrowser" is-config="true" duration-ms="731" started-at="2017-09-16T21:28:17Z" finished-at="2017-09-16T21:28:17Z">
          <reporter-output>
          </reporter-output>
        </test-method> <!-- quitBrowser -->
      </class> <!-- com.kiran.smava.testScripts.TC002_UserLogin -->
      <class name="com.kiran.smava.testScripts.TC001_LoanSelection">
        <test-method status="PASS" signature="setUP()[pri:0, instance:com.kiran.smava.testScripts.TC001_LoanSelection@3bfdc050]" name="setUP" is-config="true" duration-ms="58552" started-at="2017-09-16T21:25:15Z" finished-at="2017-09-16T21:26:14Z">
          <reporter-output>
          </reporter-output>
        </test-method> <!-- setUP -->
        <test-method status="PASS" signature="UserDetails()[pri:0, instance:com.kiran.smava.testScripts.TC001_LoanSelection@3bfdc050]" name="UserDetails" duration-ms="76926" started-at="2017-09-16T21:26:14Z" finished-at="2017-09-16T21:27:31Z">
          <reporter-output>
          </reporter-output>
        </test-method> <!-- UserDetails -->
        <test-method status="PASS" signature="quitBrowser()[pri:0, instance:com.kiran.smava.testScripts.TC001_LoanSelection@3bfdc050]" name="quitBrowser" is-config="true" duration-ms="771" started-at="2017-09-16T21:27:31Z" finished-at="2017-09-16T21:27:31Z">
          <reporter-output>
          </reporter-output>
        </test-method> <!-- quitBrowser -->
      </class> <!-- com.kiran.smava.testScripts.TC001_LoanSelection -->
    </test> <!-- Test -->
  </suite> <!-- Suite -->
</testng-results>
